<?xml version="1.0" encoding="UTF-8"?>
<!-- Generated by org.testng.reporters.JUnitReportReporter -->
<testsuite skipped="0" hostname="Bravos-MacBook-Air.local" name="com.zerob.tests.OnlineStatementTest_403" tests="1" failures="0" timestamp="06 Aug 2018 21:12:19 GMT" time="6.892" errors="0">
  <testcase name="onlineStatementsTest403" time="6.892" classname="com.zerob.tests.OnlineStatementTest_403"/>
</testsuite> <!-- com.zerob.tests.OnlineStatementTest_403 -->
