<?xml version="1.0" encoding="UTF-8"?>
<!-- Generated by org.testng.reporters.JUnitReportReporter -->
<testsuite skipped="0" hostname="Bravos-MacBook-Air.local" name="com.zerob.tests.LoginTest" tests="1" failures="0" timestamp="06 Aug 2018 21:19:13 GMT" time="0.170" errors="0">
  <testcase name="loginTest" time="0.170" classname="com.zerob.tests.LoginTest"/>
</testsuite> <!-- com.zerob.tests.LoginTest -->
