<?xml version="1.0" encoding="UTF-8"?>
<!-- Generated by org.testng.reporters.JUnitReportReporter -->
<<<<<<< HEAD
<testsuite skipped="0" hostname="Baby-PC" name="com.zerob.login.LoginTests" tests="1" failures="0" timestamp="05 Aug 2018 00:08:34 GMT" time="9.383" errors="0">
  <testcase name="loginTest" time="9.383" classname="com.zerob.login.LoginTests"/>
=======
<testsuite skipped="0" hostname="LAPTOP-M7U15TM6" name="com.zerob.login.LoginTests" tests="1" failures="0" timestamp="05 Aug 2018 16:29:58 GMT" time="2.518" errors="0">
  <testcase name="loginTest" time="2.518" classname="com.zerob.login.LoginTests"/>
>>>>>>> 2f9f04f8b1a90466c828f0617d9ec7892ec3f2c1
</testsuite> <!-- com.zerob.login.LoginTests -->
