<?xml version="1.0" encoding="UTF-8"?>
<!-- Generated by org.testng.reporters.JUnitReportReporter -->
<testsuite skipped="0" hostname="Bravos-MacBook-Air.local" name="com.zerob.tests.OnlineStatementTest" tests="1" failures="0" timestamp="05 Aug 2018 05:52:16 GMT" time="11.673" errors="0">
  <testcase name="onlineStatementsTest" time="11.673" classname="com.zerob.tests.OnlineStatementTest"/>
</testsuite> <!-- com.zerob.tests.OnlineStatementTest -->
