<?xml version="1.0" encoding="UTF-8"?>
<!-- Generated by org.testng.reporters.JUnitReportReporter -->
<testsuite skipped="0" hostname="LAPTOP-M7U15TM6" name="com.zerob.tests.OnlineStatementTest" tests="1" failures="0" timestamp="05 Aug 2018 19:02:48 GMT" time="14.703" errors="0">
  <testcase name="onlineStatementsTest" time="14.703" classname="com.zerob.tests.OnlineStatementTest"/>
</testsuite> <!-- com.zerob.tests.OnlineStatementTest -->
