<?xml version="1.0" encoding="UTF-8"?>
<!-- Generated by org.testng.reporters.JUnitReportReporter -->
<testsuite skipped="0" hostname="LAPTOP-M7U15TM6" name="com.cbt.tests.LoginTests" tests="1" failures="0" timestamp="04 Aug 2018 16:10:50 GMT" time="12.132" errors="0">
  <testcase name="logingIn" time="12.132" classname="com.cbt.tests.LoginTests"/>
</testsuite> <!-- com.cbt.tests.LoginTests -->
