<?xml version="1.0" encoding="UTF-8"?>
<!-- Generated by org.testng.reporters.JUnitReportReporter -->
<testsuite skipped="0" hostname="Baby-PC" name="com.zerob.login.LoginTests" tests="1" failures="0" timestamp="05 Aug 2018 00:08:34 GMT" time="9.383" errors="0">
  <testcase name="loginTest" time="9.383" classname="com.zerob.login.LoginTests"/>
</testsuite> <!-- com.zerob.login.LoginTests -->
