<?xml version="1.0" encoding="UTF-8"?>
<!-- Generated by org.testng.reporters.JUnitReportReporter -->
<testsuite skipped="0" hostname="Baby-PC" name="com.zerob.tests.MyMoneyMapTest" tests="3" failures="0" timestamp="07 Aug 2018 20:42:06 GMT" time="3.432" errors="0">
  <testcase name="verifyInflow" time="3.148" classname="com.zerob.tests.MyMoneyMapTest"/>
  <testcase name="verifyOutflow" time="0.194" classname="com.zerob.tests.MyMoneyMapTest"/>
  <testcase name="verifySummary" time="0.090" classname="com.zerob.tests.MyMoneyMapTest"/>
</testsuite> <!-- com.zerob.tests.MyMoneyMapTest -->
