<?xml version="1.0" encoding="UTF-8"?>
<!-- Generated by org.testng.reporters.JUnitReportReporter -->
<testsuite skipped="0" hostname="LAPTOP-M7U15TM6" name="com.zerob.tests.AccountActivityTests" tests="1" failures="0" timestamp="06 Aug 2018 16:47:24 GMT" time="7.432" errors="0">
  <testcase name="defaultSavings" time="7.432" classname="com.zerob.tests.AccountActivityTests"/>
</testsuite> <!-- com.zerob.tests.AccountActivityTests -->
