<?xml version="1.0" encoding="UTF-8"?>
<!-- Generated by org.testng.reporters.JUnitReportReporter -->
<testsuite skipped="0" hostname="Bravos-MacBook-Air.local" name="com.zerob.tests.OnlineStatementTest" tests="1" failures="0" timestamp="06 Aug 2018 20:05:13 GMT" time="14.717" errors="0">
  <testcase name="onlineStatementsTest" time="14.717" classname="com.zerob.tests.OnlineStatementTest"/>
</testsuite> <!-- com.zerob.tests.OnlineStatementTest -->
