<?xml version="1.0" encoding="UTF-8"?>
<!-- Generated by org.testng.reporters.JUnitReportReporter -->
<testsuite skipped="0" hostname="LAPTOP-M7U15TM6" name="com.zerob.login.LoginTests" tests="1" failures="0" timestamp="05 Aug 2018 16:29:58 GMT" time="2.518" errors="0">
  <testcase name="loginTest" time="2.518" classname="com.zerob.login.LoginTests"/>
</testsuite> <!-- com.zerob.login.LoginTests -->
