<?xml version="1.0" encoding="UTF-8"?>
<!-- Generated by org.testng.reporters.JUnitReportReporter -->
<testsuite skipped="0" hostname="Baby-PC" name="com.zerob.tests.TransferFundsTest" tests="6" failures="0" timestamp="07 Aug 2018 20:17:15 GMT" time="2.585" errors="0">
  <testcase name="transferMoney" time="0.662" classname="com.zerob.tests.TransferFundsTest"/>
  <testcase name="AmountDescription" time="0.681" classname="com.zerob.tests.TransferFundsTest"/>
  <testcase name="verifyText" time="0.072" classname="com.zerob.tests.TransferFundsTest"/>
  <testcase name="transferMoney1" time="0.559" classname="com.zerob.tests.TransferFundsTest"/>
  <testcase name="AmountDescription2" time="0.566" classname="com.zerob.tests.TransferFundsTest"/>
  <testcase name="verifyText1" time="0.045" classname="com.zerob.tests.TransferFundsTest"/>
</testsuite> <!-- com.zerob.tests.TransferFundsTest -->
