<?xml version="1.0" encoding="UTF-8"?>
<!-- Generated by org.testng.reporters.JUnitReportReporter -->
<testsuite skipped="0" hostname="Baby-PC" name="com.zerob.tests.OnlineStatementTest" tests="1" failures="0" timestamp="07 Aug 2018 20:46:14 GMT" time="7.779" errors="0">
  <testcase name="onlineStatementsTest401" time="7.779" classname="com.zerob.tests.OnlineStatementTest"/>
</testsuite> <!-- com.zerob.tests.OnlineStatementTest -->
